<?xml version="1.0" encoding="windows-1252" standalone="no"?>
<!DOCTYPE log SYSTEM "logger.dtd">
<log>
<record>
  <date>2016-11-28T13:50:47</date>
  <millis>1480362647693</millis>
  <sequence>0</sequence>
  <logger>com.gdc.logger.LoggerExample</logger>
  <level>CONFIG</level>
  <class>com.gdc.logger.HandlerExample</class>
  <method>main</method>
  <thread>1</thread>
  <message>Configuration done.</message>
</record>
<record>
  <date>2016-11-28T13:50:47</date>
  <millis>1480362647744</millis>
  <sequence>1</sequence>
  <logger>com.gdc.logger.LoggerExample</logger>
  <level>FINE</level>
  <class>com.gdc.logger.HandlerExample</class>
  <method>main</method>
  <thread>1</thread>
  <message>Finer logged</message>
</record>
<record>
  <date>2016-11-28T13:50:47</date>
  <millis>1480362647745</millis>
  <sequence>2</sequence>
  <logger>com.gdc.logger.LoggerExample</logger>
  <level>FINER</level>
  <class>com.gdc.logger.HandlerExample</class>
  <method>main</method>
  <thread>1</thread>
  <message>Finest example on LOGGER handler completed.</message>
</record>
</log>
